2022-04-27 16:40:29 [restartedMain] [INFO ] com.plg.apistudent.ApiStudentApplication                     : Starting ApiStudentApplication using Java 16.0.2 on C0007 with PID 4056 (C:\Users\stagiaire-it\Documents\projet-test\backend\spring\api-student\target\classes started by stagiaire-it in C:\Users\stagiaire-it\Documents\projet-test\backend\spring\api-student)
2022-04-27 16:40:29 [restartedMain] [INFO ] com.plg.apistudent.ApiStudentApplication                     : No active profile set, falling back to 1 default profile: "default"
2022-04-27 16:40:29 [restartedMain] [INFO ] o.s.b.d.env.DevToolsPropertyDefaultsPostProcessor            : Devtools property defaults active! Set 'spring.devtools.add-properties' to 'false' to disable
2022-04-27 16:40:29 [restartedMain] [INFO ] o.s.b.d.env.DevToolsPropertyDefaultsPostProcessor            : For additional web related logging consider setting the 'logging.level.web' property to 'DEBUG'
2022-04-27 16:40:30 [restartedMain] [INFO ] o.s.d.r.config.RepositoryConfigurationDelegate               : Bootstrapping Spring Data JPA repositories in DEFAULT mode.
2022-04-27 16:40:31 [restartedMain] [INFO ] o.s.d.r.config.RepositoryConfigurationDelegate               : Finished Spring Data repository scanning in 40 ms. Found 1 JPA repository interfaces.
2022-04-27 16:40:35 [restartedMain] [INFO ] o.s.boot.web.embedded.tomcat.TomcatWebServer                 : Tomcat initialized with port(s): 3006 (http)
2022-04-27 16:40:35 [restartedMain] [INFO ] org.apache.catalina.core.StandardService                     : Starting service [Tomcat]
2022-04-27 16:40:35 [restartedMain] [INFO ] org.apache.catalina.core.StandardEngine                      : Starting Servlet engine: [Apache Tomcat/9.0.62]
2022-04-27 16:40:35 [restartedMain] [INFO ] o.a.c.core.ContainerBase.[Tomcat].[localhost].[/]            : Initializing Spring embedded WebApplicationContext
2022-04-27 16:40:35 [restartedMain] [INFO ] o.s.b.w.s.c.ServletWebServerApplicationContext               : Root WebApplicationContext: initialization completed in 5798 ms
2022-04-27 16:40:36 [restartedMain] [INFO ] org.hibernate.jpa.internal.util.LogHelper                    : HHH000204: Processing PersistenceUnitInfo [name: default]
2022-04-27 16:40:36 [restartedMain] [INFO ] org.hibernate.Version                                        : HHH000412: Hibernate ORM core version 5.6.8.Final
2022-04-27 16:40:37 [restartedMain] [INFO ] org.hibernate.annotations.common.Version                     : HCANN000001: Hibernate Commons Annotations {5.1.2.Final}
2022-04-27 16:40:37 [restartedMain] [INFO ] com.zaxxer.hikari.HikariDataSource                           : SpringBootJPAHikariCP - Starting...
2022-04-27 16:40:37 [restartedMain] [WARN ] com.zaxxer.hikari.util.DriverDataSource                      : Registered driver with driverClassName=com.mysql.jdbc.Driver was not found, trying direct instantiation.
2022-04-27 16:40:39 [restartedMain] [ERROR] com.zaxxer.hikari.pool.HikariPool                            : SpringBootJPAHikariCP - Exception during pool initialization.
java.sql.SQLSyntaxErrorException: Unknown database 'bd_student'
	at com.mysql.cj.jdbc.exceptions.SQLError.createSQLException(SQLError.java:120)
	at com.mysql.cj.jdbc.exceptions.SQLExceptionsMapping.translateException(SQLExceptionsMapping.java:122)
	at com.mysql.cj.jdbc.ConnectionImpl.createNewIO(ConnectionImpl.java:829)
	at com.mysql.cj.jdbc.ConnectionImpl.<init>(ConnectionImpl.java:449)
	at com.mysql.cj.jdbc.ConnectionImpl.getInstance(ConnectionImpl.java:242)
	at com.mysql.cj.jdbc.NonRegisteringDriver.connect(NonRegisteringDriver.java:198)
	at com.zaxxer.hikari.util.DriverDataSource.getConnection(DriverDataSource.java:138)
	at com.zaxxer.hikari.pool.PoolBase.newConnection(PoolBase.java:364)
	at com.zaxxer.hikari.pool.PoolBase.newPoolEntry(PoolBase.java:206)
	at com.zaxxer.hikari.pool.HikariPool.createPoolEntry(HikariPool.java:476)
	at com.zaxxer.hikari.pool.HikariPool.checkFailFast(HikariPool.java:561)
	at com.zaxxer.hikari.pool.HikariPool.<init>(HikariPool.java:115)
	at com.zaxxer.hikari.HikariDataSource.getConnection(HikariDataSource.java:112)
	at org.hibernate.engine.jdbc.connections.internal.DatasourceConnectionProviderImpl.getConnection(DatasourceConnectionProviderImpl.java:122)
	at org.hibernate.engine.jdbc.env.internal.JdbcEnvironmentInitiator$ConnectionProviderJdbcConnectionAccess.obtainConnection(JdbcEnvironmentInitiator.java:181)
	at org.hibernate.engine.jdbc.env.internal.JdbcEnvironmentInitiator.initiateService(JdbcEnvironmentInitiator.java:68)
	at org.hibernate.engine.jdbc.env.internal.JdbcEnvironmentInitiator.initiateService(JdbcEnvironmentInitiator.java:35)
	at org.hibernate.boot.registry.internal.StandardServiceRegistryImpl.initiateService(StandardServiceRegistryImpl.java:101)
	at org.hibernate.service.internal.AbstractServiceRegistryImpl.createService(AbstractServiceRegistryImpl.java:263)
	at org.hibernate.service.internal.AbstractServiceRegistryImpl.initializeService(AbstractServiceRegistryImpl.java:237)
	at org.hibernate.service.internal.AbstractServiceRegistryImpl.getService(AbstractServiceRegistryImpl.java:214)
	at org.hibernate.id.factory.internal.DefaultIdentifierGeneratorFactory.injectServices(DefaultIdentifierGeneratorFactory.java:175)
	at org.hibernate.service.internal.AbstractServiceRegistryImpl.injectDependencies(AbstractServiceRegistryImpl.java:286)
	at org.hibernate.service.internal.AbstractServiceRegistryImpl.initializeService(AbstractServiceRegistryImpl.java:243)
	at org.hibernate.service.internal.AbstractServiceRegistryImpl.getService(AbstractServiceRegistryImpl.java:214)
	at org.hibernate.boot.internal.InFlightMetadataCollectorImpl.<init>(InFlightMetadataCollectorImpl.java:173)
	at org.hibernate.boot.model.process.spi.MetadataBuildingProcess.complete(MetadataBuildingProcess.java:127)
	at org.hibernate.jpa.boot.internal.EntityManagerFactoryBuilderImpl.metadata(EntityManagerFactoryBuilderImpl.java:1460)
	at org.hibernate.jpa.boot.internal.EntityManagerFactoryBuilderImpl.build(EntityManagerFactoryBuilderImpl.java:1494)
	at org.springframework.orm.jpa.vendor.SpringHibernateJpaPersistenceProvider.createContainerEntityManagerFactory(SpringHibernateJpaPersistenceProvider.java:58)
	at org.springframework.orm.jpa.LocalContainerEntityManagerFactoryBean.createNativeEntityManagerFactory(LocalContainerEntityManagerFactoryBean.java:365)
	at org.springframework.orm.jpa.AbstractEntityManagerFactoryBean.buildNativeEntityManagerFactory(AbstractEntityManagerFactoryBean.java:409)
	at org.springframework.orm.jpa.AbstractEntityManagerFactoryBean.afterPropertiesSet(AbstractEntityManagerFactoryBean.java:396)
	at org.springframework.orm.jpa.LocalContainerEntityManagerFactoryBean.afterPropertiesSet(LocalContainerEntityManagerFactoryBean.java:341)
	at org.springframework.beans.factory.support.AbstractAutowireCapableBeanFactory.invokeInitMethods(AbstractAutowireCapableBeanFactory.java:1863)
	at org.springframework.beans.factory.support.AbstractAutowireCapableBeanFactory.initializeBean(AbstractAutowireCapableBeanFactory.java:1800)
	at org.springframework.beans.factory.support.AbstractAutowireCapableBeanFactory.doCreateBean(AbstractAutowireCapableBeanFactory.java:620)
	at org.springframework.beans.factory.support.AbstractAutowireCapableBeanFactory.createBean(AbstractAutowireCapableBeanFactory.java:542)
	at org.springframework.beans.factory.support.AbstractBeanFactory.lambda$doGetBean$0(AbstractBeanFactory.java:335)
	at org.springframework.beans.factory.support.DefaultSingletonBeanRegistry.getSingleton(DefaultSingletonBeanRegistry.java:234)
	at org.springframework.beans.factory.support.AbstractBeanFactory.doGetBean(AbstractBeanFactory.java:333)
	at org.springframework.beans.factory.support.AbstractBeanFactory.getBean(AbstractBeanFactory.java:208)
	at org.springframework.context.support.AbstractApplicationContext.getBean(AbstractApplicationContext.java:1154)
	at org.springframework.context.support.AbstractApplicationContext.finishBeanFactoryInitialization(AbstractApplicationContext.java:908)
	at org.springframework.context.support.AbstractApplicationContext.refresh(AbstractApplicationContext.java:583)
	at org.springframework.boot.web.servlet.context.ServletWebServerApplicationContext.refresh(ServletWebServerApplicationContext.java:145)
	at org.springframework.boot.SpringApplication.refresh(SpringApplication.java:740)
	at org.springframework.boot.SpringApplication.refreshContext(SpringApplication.java:415)
	at org.springframework.boot.SpringApplication.run(SpringApplication.java:303)
	at org.springframework.boot.SpringApplication.run(SpringApplication.java:1312)
	at org.springframework.boot.SpringApplication.run(SpringApplication.java:1301)
	at com.plg.apistudent.ApiStudentApplication.main(ApiStudentApplication.java:17)
	at java.base/jdk.internal.reflect.NativeMethodAccessorImpl.invoke0(Native Method)
	at java.base/jdk.internal.reflect.NativeMethodAccessorImpl.invoke(NativeMethodAccessorImpl.java:78)
	at java.base/jdk.internal.reflect.DelegatingMethodAccessorImpl.invoke(DelegatingMethodAccessorImpl.java:43)
	at java.base/java.lang.reflect.Method.invoke(Method.java:567)
	at org.springframework.boot.devtools.restart.RestartLauncher.run(RestartLauncher.java:49)
2022-04-27 16:40:39 [restartedMain] [WARN ] o.h.e.jdbc.env.internal.JdbcEnvironmentInitiator             : HHH000342: Could not obtain connection to query metadata
java.sql.SQLSyntaxErrorException: Unknown database 'bd_student'
	at com.mysql.cj.jdbc.exceptions.SQLError.createSQLException(SQLError.java:120)
	at com.mysql.cj.jdbc.exceptions.SQLExceptionsMapping.translateException(SQLExceptionsMapping.java:122)
	at com.mysql.cj.jdbc.ConnectionImpl.createNewIO(ConnectionImpl.java:829)
	at com.mysql.cj.jdbc.ConnectionImpl.<init>(ConnectionImpl.java:449)
	at com.mysql.cj.jdbc.ConnectionImpl.getInstance(ConnectionImpl.java:242)
	at com.mysql.cj.jdbc.NonRegisteringDriver.connect(NonRegisteringDriver.java:198)
	at com.zaxxer.hikari.util.DriverDataSource.getConnection(DriverDataSource.java:138)
	at com.zaxxer.hikari.pool.PoolBase.newConnection(PoolBase.java:364)
	at com.zaxxer.hikari.pool.PoolBase.newPoolEntry(PoolBase.java:206)
	at com.zaxxer.hikari.pool.HikariPool.createPoolEntry(HikariPool.java:476)
	at com.zaxxer.hikari.pool.HikariPool.checkFailFast(HikariPool.java:561)
	at com.zaxxer.hikari.pool.HikariPool.<init>(HikariPool.java:115)
	at com.zaxxer.hikari.HikariDataSource.getConnection(HikariDataSource.java:112)
	at org.hibernate.engine.jdbc.connections.internal.DatasourceConnectionProviderImpl.getConnection(DatasourceConnectionProviderImpl.java:122)
	at org.hibernate.engine.jdbc.env.internal.JdbcEnvironmentInitiator$ConnectionProviderJdbcConnectionAccess.obtainConnection(JdbcEnvironmentInitiator.java:181)
	at org.hibernate.engine.jdbc.env.internal.JdbcEnvironmentInitiator.initiateService(JdbcEnvironmentInitiator.java:68)
	at org.hibernate.engine.jdbc.env.internal.JdbcEnvironmentInitiator.initiateService(JdbcEnvironmentInitiator.java:35)
	at org.hibernate.boot.registry.internal.StandardServiceRegistryImpl.initiateService(StandardServiceRegistryImpl.java:101)
	at org.hibernate.service.internal.AbstractServiceRegistryImpl.createService(AbstractServiceRegistryImpl.java:263)
	at org.hibernate.service.internal.AbstractServiceRegistryImpl.initializeService(AbstractServiceRegistryImpl.java:237)
	at org.hibernate.service.internal.AbstractServiceRegistryImpl.getService(AbstractServiceRegistryImpl.java:214)
	at org.hibernate.id.factory.internal.DefaultIdentifierGeneratorFactory.injectServices(DefaultIdentifierGeneratorFactory.java:175)
	at org.hibernate.service.internal.AbstractServiceRegistryImpl.injectDependencies(AbstractServiceRegistryImpl.java:286)
	at org.hibernate.service.internal.AbstractServiceRegistryImpl.initializeService(AbstractServiceRegistryImpl.java:243)
	at org.hibernate.service.internal.AbstractServiceRegistryImpl.getService(AbstractServiceRegistryImpl.java:214)
	at org.hibernate.boot.internal.InFlightMetadataCollectorImpl.<init>(InFlightMetadataCollectorImpl.java:173)
	at org.hibernate.boot.model.process.spi.MetadataBuildingProcess.complete(MetadataBuildingProcess.java:127)
	at org.hibernate.jpa.boot.internal.EntityManagerFactoryBuilderImpl.metadata(EntityManagerFactoryBuilderImpl.java:1460)
	at org.hibernate.jpa.boot.internal.EntityManagerFactoryBuilderImpl.build(EntityManagerFactoryBuilderImpl.java:1494)
	at org.springframework.orm.jpa.vendor.SpringHibernateJpaPersistenceProvider.createContainerEntityManagerFactory(SpringHibernateJpaPersistenceProvider.java:58)
	at org.springframework.orm.jpa.LocalContainerEntityManagerFactoryBean.createNativeEntityManagerFactory(LocalContainerEntityManagerFactoryBean.java:365)
	at org.springframework.orm.jpa.AbstractEntityManagerFactoryBean.buildNativeEntityManagerFactory(AbstractEntityManagerFactoryBean.java:409)
	at org.springframework.orm.jpa.AbstractEntityManagerFactoryBean.afterPropertiesSet(AbstractEntityManagerFactoryBean.java:396)
	at org.springframework.orm.jpa.LocalContainerEntityManagerFactoryBean.afterPropertiesSet(LocalContainerEntityManagerFactoryBean.java:341)
	at org.springframework.beans.factory.support.AbstractAutowireCapableBeanFactory.invokeInitMethods(AbstractAutowireCapableBeanFactory.java:1863)
	at org.springframework.beans.factory.support.AbstractAutowireCapableBeanFactory.initializeBean(AbstractAutowireCapableBeanFactory.java:1800)
	at org.springframework.beans.factory.support.AbstractAutowireCapableBeanFactory.doCreateBean(AbstractAutowireCapableBeanFactory.java:620)
	at org.springframework.beans.factory.support.AbstractAutowireCapableBeanFactory.createBean(AbstractAutowireCapableBeanFactory.java:542)
	at org.springframework.beans.factory.support.AbstractBeanFactory.lambda$doGetBean$0(AbstractBeanFactory.java:335)
	at org.springframework.beans.factory.support.DefaultSingletonBeanRegistry.getSingleton(DefaultSingletonBeanRegistry.java:234)
	at org.springframework.beans.factory.support.AbstractBeanFactory.doGetBean(AbstractBeanFactory.java:333)
	at org.springframework.beans.factory.support.AbstractBeanFactory.getBean(AbstractBeanFactory.java:208)
	at org.springframework.context.support.AbstractApplicationContext.getBean(AbstractApplicationContext.java:1154)
	at org.springframework.context.support.AbstractApplicationContext.finishBeanFactoryInitialization(AbstractApplicationContext.java:908)
	at org.springframework.context.support.AbstractApplicationContext.refresh(AbstractApplicationContext.java:583)
	at org.springframework.boot.web.servlet.context.ServletWebServerApplicationContext.refresh(ServletWebServerApplicationContext.java:145)
	at org.springframework.boot.SpringApplication.refresh(SpringApplication.java:740)
	at org.springframework.boot.SpringApplication.refreshContext(SpringApplication.java:415)
	at org.springframework.boot.SpringApplication.run(SpringApplication.java:303)
	at org.springframework.boot.SpringApplication.run(SpringApplication.java:1312)
	at org.springframework.boot.SpringApplication.run(SpringApplication.java:1301)
	at com.plg.apistudent.ApiStudentApplication.main(ApiStudentApplication.java:17)
	at java.base/jdk.internal.reflect.NativeMethodAccessorImpl.invoke0(Native Method)
	at java.base/jdk.internal.reflect.NativeMethodAccessorImpl.invoke(NativeMethodAccessorImpl.java:78)
	at java.base/jdk.internal.reflect.DelegatingMethodAccessorImpl.invoke(DelegatingMethodAccessorImpl.java:43)
	at java.base/java.lang.reflect.Method.invoke(Method.java:567)
	at org.springframework.boot.devtools.restart.RestartLauncher.run(RestartLauncher.java:49)
2022-04-27 16:40:39 [restartedMain] [INFO ] org.hibernate.dialect.Dialect                                : HHH000400: Using dialect: org.hibernate.dialect.MySQL8Dialect
2022-04-27 16:40:41 [restartedMain] [INFO ] com.zaxxer.hikari.HikariDataSource                           : SpringBootJPAHikariCP - Starting...
2022-04-27 16:40:41 [restartedMain] [WARN ] com.zaxxer.hikari.util.DriverDataSource                      : Registered driver with driverClassName=com.mysql.jdbc.Driver was not found, trying direct instantiation.
2022-04-27 16:40:42 [restartedMain] [ERROR] com.zaxxer.hikari.pool.HikariPool                            : SpringBootJPAHikariCP - Exception during pool initialization.
java.sql.SQLSyntaxErrorException: Unknown database 'bd_student'
	at com.mysql.cj.jdbc.exceptions.SQLError.createSQLException(SQLError.java:120)
	at com.mysql.cj.jdbc.exceptions.SQLExceptionsMapping.translateException(SQLExceptionsMapping.java:122)
	at com.mysql.cj.jdbc.ConnectionImpl.createNewIO(ConnectionImpl.java:829)
	at com.mysql.cj.jdbc.ConnectionImpl.<init>(ConnectionImpl.java:449)
	at com.mysql.cj.jdbc.ConnectionImpl.getInstance(ConnectionImpl.java:242)
	at com.mysql.cj.jdbc.NonRegisteringDriver.connect(NonRegisteringDriver.java:198)
	at com.zaxxer.hikari.util.DriverDataSource.getConnection(DriverDataSource.java:138)
	at com.zaxxer.hikari.pool.PoolBase.newConnection(PoolBase.java:364)
	at com.zaxxer.hikari.pool.PoolBase.newPoolEntry(PoolBase.java:206)
	at com.zaxxer.hikari.pool.HikariPool.createPoolEntry(HikariPool.java:476)
	at com.zaxxer.hikari.pool.HikariPool.checkFailFast(HikariPool.java:561)
	at com.zaxxer.hikari.pool.HikariPool.<init>(HikariPool.java:115)
	at com.zaxxer.hikari.HikariDataSource.getConnection(HikariDataSource.java:112)
	at org.hibernate.engine.jdbc.connections.internal.DatasourceConnectionProviderImpl.getConnection(DatasourceConnectionProviderImpl.java:122)
	at org.hibernate.engine.jdbc.env.internal.JdbcEnvironmentInitiator$ConnectionProviderJdbcConnectionAccess.obtainConnection(JdbcEnvironmentInitiator.java:181)
	at org.hibernate.resource.transaction.backend.jdbc.internal.DdlTransactionIsolatorNonJtaImpl.getIsolatedConnection(DdlTransactionIsolatorNonJtaImpl.java:44)
	at org.hibernate.tool.schema.internal.exec.GenerationTargetToDatabase.jdbcStatement(GenerationTargetToDatabase.java:77)
	at org.hibernate.tool.schema.internal.exec.GenerationTargetToDatabase.accept(GenerationTargetToDatabase.java:53)
	at org.hibernate.tool.schema.internal.SchemaDropperImpl.applySqlString(SchemaDropperImpl.java:387)
	at org.hibernate.tool.schema.internal.SchemaDropperImpl.applySqlStrings(SchemaDropperImpl.java:371)
	at org.hibernate.tool.schema.internal.SchemaDropperImpl.dropFromMetadata(SchemaDropperImpl.java:246)
	at org.hibernate.tool.schema.internal.SchemaDropperImpl.performDrop(SchemaDropperImpl.java:156)
	at org.hibernate.tool.schema.internal.SchemaDropperImpl.doDrop(SchemaDropperImpl.java:128)
	at org.hibernate.tool.schema.internal.SchemaDropperImpl.doDrop(SchemaDropperImpl.java:114)
	at org.hibernate.tool.schema.spi.SchemaManagementToolCoordinator.performDatabaseAction(SchemaManagementToolCoordinator.java:157)
	at org.hibernate.tool.schema.spi.SchemaManagementToolCoordinator.process(SchemaManagementToolCoordinator.java:85)
	at org.hibernate.internal.SessionFactoryImpl.<init>(SessionFactoryImpl.java:335)
	at org.hibernate.boot.internal.SessionFactoryBuilderImpl.build(SessionFactoryBuilderImpl.java:471)
	at org.hibernate.jpa.boot.internal.EntityManagerFactoryBuilderImpl.build(EntityManagerFactoryBuilderImpl.java:1498)
	at org.springframework.orm.jpa.vendor.SpringHibernateJpaPersistenceProvider.createContainerEntityManagerFactory(SpringHibernateJpaPersistenceProvider.java:58)
	at org.springframework.orm.jpa.LocalContainerEntityManagerFactoryBean.createNativeEntityManagerFactory(LocalContainerEntityManagerFactoryBean.java:365)
	at org.springframework.orm.jpa.AbstractEntityManagerFactoryBean.buildNativeEntityManagerFactory(AbstractEntityManagerFactoryBean.java:409)
	at org.springframework.orm.jpa.AbstractEntityManagerFactoryBean.afterPropertiesSet(AbstractEntityManagerFactoryBean.java:396)
	at org.springframework.orm.jpa.LocalContainerEntityManagerFactoryBean.afterPropertiesSet(LocalContainerEntityManagerFactoryBean.java:341)
	at org.springframework.beans.factory.support.AbstractAutowireCapableBeanFactory.invokeInitMethods(AbstractAutowireCapableBeanFactory.java:1863)
	at org.springframework.beans.factory.support.AbstractAutowireCapableBeanFactory.initializeBean(AbstractAutowireCapableBeanFactory.java:1800)
	at org.springframework.beans.factory.support.AbstractAutowireCapableBeanFactory.doCreateBean(AbstractAutowireCapableBeanFactory.java:620)
	at org.springframework.beans.factory.support.AbstractAutowireCapableBeanFactory.createBean(AbstractAutowireCapableBeanFactory.java:542)
	at org.springframework.beans.factory.support.AbstractBeanFactory.lambda$doGetBean$0(AbstractBeanFactory.java:335)
	at org.springframework.beans.factory.support.DefaultSingletonBeanRegistry.getSingleton(DefaultSingletonBeanRegistry.java:234)
	at org.springframework.beans.factory.support.AbstractBeanFactory.doGetBean(AbstractBeanFactory.java:333)
	at org.springframework.beans.factory.support.AbstractBeanFactory.getBean(AbstractBeanFactory.java:208)
	at org.springframework.context.support.AbstractApplicationContext.getBean(AbstractApplicationContext.java:1154)
	at org.springframework.context.support.AbstractApplicationContext.finishBeanFactoryInitialization(AbstractApplicationContext.java:908)
	at org.springframework.context.support.AbstractApplicationContext.refresh(AbstractApplicationContext.java:583)
	at org.springframework.boot.web.servlet.context.ServletWebServerApplicationContext.refresh(ServletWebServerApplicationContext.java:145)
	at org.springframework.boot.SpringApplication.refresh(SpringApplication.java:740)
	at org.springframework.boot.SpringApplication.refreshContext(SpringApplication.java:415)
	at org.springframework.boot.SpringApplication.run(SpringApplication.java:303)
	at org.springframework.boot.SpringApplication.run(SpringApplication.java:1312)
	at org.springframework.boot.SpringApplication.run(SpringApplication.java:1301)
	at com.plg.apistudent.ApiStudentApplication.main(ApiStudentApplication.java:17)
	at java.base/jdk.internal.reflect.NativeMethodAccessorImpl.invoke0(Native Method)
	at java.base/jdk.internal.reflect.NativeMethodAccessorImpl.invoke(NativeMethodAccessorImpl.java:78)
	at java.base/jdk.internal.reflect.DelegatingMethodAccessorImpl.invoke(DelegatingMethodAccessorImpl.java:43)
	at java.base/java.lang.reflect.Method.invoke(Method.java:567)
	at org.springframework.boot.devtools.restart.RestartLauncher.run(RestartLauncher.java:49)
2022-04-27 16:40:42 [restartedMain] [WARN ] org.hibernate.engine.jdbc.spi.SqlExceptionHelper             : SQL Error: 1049, SQLState: 42000
2022-04-27 16:40:42 [restartedMain] [ERROR] org.hibernate.engine.jdbc.spi.SqlExceptionHelper             : Unknown database 'bd_student'
2022-04-27 16:40:42 [restartedMain] [ERROR] o.s.orm.jpa.LocalContainerEntityManagerFactoryBean           : Failed to initialize JPA EntityManagerFactory: [PersistenceUnit: default] Unable to build Hibernate SessionFactory; nested exception is org.hibernate.exception.SQLGrammarException: Unable to open JDBC Connection for DDL execution
2022-04-27 16:40:42 [restartedMain] [WARN ] o.s.b.w.s.c.AnnotationConfigServletWebServerApplicationContext : Exception encountered during context initialization - cancelling refresh attempt: org.springframework.beans.factory.BeanCreationException: Error creating bean with name 'entityManagerFactory' defined in class path resource [org/springframework/boot/autoconfigure/orm/jpa/HibernateJpaConfiguration.class]: Invocation of init method failed; nested exception is javax.persistence.PersistenceException: [PersistenceUnit: default] Unable to build Hibernate SessionFactory; nested exception is org.hibernate.exception.SQLGrammarException: Unable to open JDBC Connection for DDL execution
2022-04-27 16:40:42 [restartedMain] [INFO ] org.apache.catalina.core.StandardService                     : Stopping service [Tomcat]
2022-04-27 16:40:42 [restartedMain] [INFO ] o.s.b.a.l.ConditionEvaluationReportLoggingListener           : 

Error starting ApplicationContext. To display the conditions report re-run your application with 'debug' enabled.
2022-04-27 16:40:42 [restartedMain] [ERROR] org.springframework.boot.SpringApplication                   : Application run failed
org.springframework.beans.factory.BeanCreationException: Error creating bean with name 'entityManagerFactory' defined in class path resource [org/springframework/boot/autoconfigure/orm/jpa/HibernateJpaConfiguration.class]: Invocation of init method failed; nested exception is javax.persistence.PersistenceException: [PersistenceUnit: default] Unable to build Hibernate SessionFactory; nested exception is org.hibernate.exception.SQLGrammarException: Unable to open JDBC Connection for DDL execution
	at org.springframework.beans.factory.support.AbstractAutowireCapableBeanFactory.initializeBean(AbstractAutowireCapableBeanFactory.java:1804)
	at org.springframework.beans.factory.support.AbstractAutowireCapableBeanFactory.doCreateBean(AbstractAutowireCapableBeanFactory.java:620)
	at org.springframework.beans.factory.support.AbstractAutowireCapableBeanFactory.createBean(AbstractAutowireCapableBeanFactory.java:542)
	at org.springframework.beans.factory.support.AbstractBeanFactory.lambda$doGetBean$0(AbstractBeanFactory.java:335)
	at org.springframework.beans.factory.support.DefaultSingletonBeanRegistry.getSingleton(DefaultSingletonBeanRegistry.java:234)
	at org.springframework.beans.factory.support.AbstractBeanFactory.doGetBean(AbstractBeanFactory.java:333)
	at org.springframework.beans.factory.support.AbstractBeanFactory.getBean(AbstractBeanFactory.java:208)
	at org.springframework.context.support.AbstractApplicationContext.getBean(AbstractApplicationContext.java:1154)
	at org.springframework.context.support.AbstractApplicationContext.finishBeanFactoryInitialization(AbstractApplicationContext.java:908)
	at org.springframework.context.support.AbstractApplicationContext.refresh(AbstractApplicationContext.java:583)
	at org.springframework.boot.web.servlet.context.ServletWebServerApplicationContext.refresh(ServletWebServerApplicationContext.java:145)
	at org.springframework.boot.SpringApplication.refresh(SpringApplication.java:740)
	at org.springframework.boot.SpringApplication.refreshContext(SpringApplication.java:415)
	at org.springframework.boot.SpringApplication.run(SpringApplication.java:303)
	at org.springframework.boot.SpringApplication.run(SpringApplication.java:1312)
	at org.springframework.boot.SpringApplication.run(SpringApplication.java:1301)
	at com.plg.apistudent.ApiStudentApplication.main(ApiStudentApplication.java:17)
	at java.base/jdk.internal.reflect.NativeMethodAccessorImpl.invoke0(Native Method)
	at java.base/jdk.internal.reflect.NativeMethodAccessorImpl.invoke(NativeMethodAccessorImpl.java:78)
	at java.base/jdk.internal.reflect.DelegatingMethodAccessorImpl.invoke(DelegatingMethodAccessorImpl.java:43)
	at java.base/java.lang.reflect.Method.invoke(Method.java:567)
	at org.springframework.boot.devtools.restart.RestartLauncher.run(RestartLauncher.java:49)
Caused by: javax.persistence.PersistenceException: [PersistenceUnit: default] Unable to build Hibernate SessionFactory; nested exception is org.hibernate.exception.SQLGrammarException: Unable to open JDBC Connection for DDL execution
	at org.springframework.orm.jpa.AbstractEntityManagerFactoryBean.buildNativeEntityManagerFactory(AbstractEntityManagerFactoryBean.java:421)
	at org.springframework.orm.jpa.AbstractEntityManagerFactoryBean.afterPropertiesSet(AbstractEntityManagerFactoryBean.java:396)
	at org.springframework.orm.jpa.LocalContainerEntityManagerFactoryBean.afterPropertiesSet(LocalContainerEntityManagerFactoryBean.java:341)
	at org.springframework.beans.factory.support.AbstractAutowireCapableBeanFactory.invokeInitMethods(AbstractAutowireCapableBeanFactory.java:1863)
	at org.springframework.beans.factory.support.AbstractAutowireCapableBeanFactory.initializeBean(AbstractAutowireCapableBeanFactory.java:1800)
	... 21 common frames omitted
Caused by: org.hibernate.exception.SQLGrammarException: Unable to open JDBC Connection for DDL execution
	at org.hibernate.exception.internal.SQLExceptionTypeDelegate.convert(SQLExceptionTypeDelegate.java:63)
	at org.hibernate.exception.internal.StandardSQLExceptionConverter.convert(StandardSQLExceptionConverter.java:37)
	at org.hibernate.engine.jdbc.spi.SqlExceptionHelper.convert(SqlExceptionHelper.java:113)
	at org.hibernate.engine.jdbc.spi.SqlExceptionHelper.convert(SqlExceptionHelper.java:99)
	at org.hibernate.resource.transaction.backend.jdbc.internal.DdlTransactionIsolatorNonJtaImpl.getIsolatedConnection(DdlTransactionIsolatorNonJtaImpl.java:71)
	at org.hibernate.tool.schema.internal.exec.GenerationTargetToDatabase.jdbcStatement(GenerationTargetToDatabase.java:77)
	at org.hibernate.tool.schema.internal.exec.GenerationTargetToDatabase.accept(GenerationTargetToDatabase.java:53)
	at org.hibernate.tool.schema.internal.SchemaDropperImpl.applySqlString(SchemaDropperImpl.java:387)
	at org.hibernate.tool.schema.internal.SchemaDropperImpl.applySqlStrings(SchemaDropperImpl.java:371)
	at org.hibernate.tool.schema.internal.SchemaDropperImpl.dropFromMetadata(SchemaDropperImpl.java:246)
	at org.hibernate.tool.schema.internal.SchemaDropperImpl.performDrop(SchemaDropperImpl.java:156)
	at org.hibernate.tool.schema.internal.SchemaDropperImpl.doDrop(SchemaDropperImpl.java:128)
	at org.hibernate.tool.schema.internal.SchemaDropperImpl.doDrop(SchemaDropperImpl.java:114)
	at org.hibernate.tool.schema.spi.SchemaManagementToolCoordinator.performDatabaseAction(SchemaManagementToolCoordinator.java:157)
	at org.hibernate.tool.schema.spi.SchemaManagementToolCoordinator.process(SchemaManagementToolCoordinator.java:85)
	at org.hibernate.internal.SessionFactoryImpl.<init>(SessionFactoryImpl.java:335)
	at org.hibernate.boot.internal.SessionFactoryBuilderImpl.build(SessionFactoryBuilderImpl.java:471)
	at org.hibernate.jpa.boot.internal.EntityManagerFactoryBuilderImpl.build(EntityManagerFactoryBuilderImpl.java:1498)
	at org.springframework.orm.jpa.vendor.SpringHibernateJpaPersistenceProvider.createContainerEntityManagerFactory(SpringHibernateJpaPersistenceProvider.java:58)
	at org.springframework.orm.jpa.LocalContainerEntityManagerFactoryBean.createNativeEntityManagerFactory(LocalContainerEntityManagerFactoryBean.java:365)
	at org.springframework.orm.jpa.AbstractEntityManagerFactoryBean.buildNativeEntityManagerFactory(AbstractEntityManagerFactoryBean.java:409)
	... 25 common frames omitted
Caused by: java.sql.SQLSyntaxErrorException: Unknown database 'bd_student'
	at com.mysql.cj.jdbc.exceptions.SQLError.createSQLException(SQLError.java:120)
	at com.mysql.cj.jdbc.exceptions.SQLExceptionsMapping.translateException(SQLExceptionsMapping.java:122)
	at com.mysql.cj.jdbc.ConnectionImpl.createNewIO(ConnectionImpl.java:829)
	at com.mysql.cj.jdbc.ConnectionImpl.<init>(ConnectionImpl.java:449)
	at com.mysql.cj.jdbc.ConnectionImpl.getInstance(ConnectionImpl.java:242)
	at com.mysql.cj.jdbc.NonRegisteringDriver.connect(NonRegisteringDriver.java:198)
	at com.zaxxer.hikari.util.DriverDataSource.getConnection(DriverDataSource.java:138)
	at com.zaxxer.hikari.pool.PoolBase.newConnection(PoolBase.java:364)
	at com.zaxxer.hikari.pool.PoolBase.newPoolEntry(PoolBase.java:206)
	at com.zaxxer.hikari.pool.HikariPool.createPoolEntry(HikariPool.java:476)
	at com.zaxxer.hikari.pool.HikariPool.checkFailFast(HikariPool.java:561)
	at com.zaxxer.hikari.pool.HikariPool.<init>(HikariPool.java:115)
	at com.zaxxer.hikari.HikariDataSource.getConnection(HikariDataSource.java:112)
	at org.hibernate.engine.jdbc.connections.internal.DatasourceConnectionProviderImpl.getConnection(DatasourceConnectionProviderImpl.java:122)
	at org.hibernate.engine.jdbc.env.internal.JdbcEnvironmentInitiator$ConnectionProviderJdbcConnectionAccess.obtainConnection(JdbcEnvironmentInitiator.java:181)
	at org.hibernate.resource.transaction.backend.jdbc.internal.DdlTransactionIsolatorNonJtaImpl.getIsolatedConnection(DdlTransactionIsolatorNonJtaImpl.java:44)
	... 41 common frames omitted
2022-04-27 16:41:58 [restartedMain] [INFO ] com.plg.apistudent.ApiStudentApplication                     : Starting ApiStudentApplication using Java 16.0.2 on C0007 with PID 9820 (C:\Users\stagiaire-it\Documents\projet-test\backend\spring\api-student\target\classes started by stagiaire-it in C:\Users\stagiaire-it\Documents\projet-test\backend\spring\api-student)
2022-04-27 16:41:58 [restartedMain] [INFO ] com.plg.apistudent.ApiStudentApplication                     : No active profile set, falling back to 1 default profile: "default"
2022-04-27 16:41:58 [restartedMain] [INFO ] o.s.b.d.env.DevToolsPropertyDefaultsPostProcessor            : Devtools property defaults active! Set 'spring.devtools.add-properties' to 'false' to disable
2022-04-27 16:41:58 [restartedMain] [INFO ] o.s.b.d.env.DevToolsPropertyDefaultsPostProcessor            : For additional web related logging consider setting the 'logging.level.web' property to 'DEBUG'
2022-04-27 16:41:59 [restartedMain] [INFO ] o.s.d.r.config.RepositoryConfigurationDelegate               : Bootstrapping Spring Data JPA repositories in DEFAULT mode.
2022-04-27 16:41:59 [restartedMain] [INFO ] o.s.d.r.config.RepositoryConfigurationDelegate               : Finished Spring Data repository scanning in 61 ms. Found 1 JPA repository interfaces.
2022-04-27 16:42:00 [restartedMain] [INFO ] o.s.boot.web.embedded.tomcat.TomcatWebServer                 : Tomcat initialized with port(s): 3006 (http)
2022-04-27 16:42:00 [restartedMain] [INFO ] org.apache.catalina.core.StandardService                     : Starting service [Tomcat]
2022-04-27 16:42:00 [restartedMain] [INFO ] org.apache.catalina.core.StandardEngine                      : Starting Servlet engine: [Apache Tomcat/9.0.62]
2022-04-27 16:42:00 [restartedMain] [INFO ] o.a.c.core.ContainerBase.[Tomcat].[localhost].[/]            : Initializing Spring embedded WebApplicationContext
2022-04-27 16:42:00 [restartedMain] [INFO ] o.s.b.w.s.c.ServletWebServerApplicationContext               : Root WebApplicationContext: initialization completed in 1459 ms
2022-04-27 16:42:00 [restartedMain] [INFO ] org.hibernate.jpa.internal.util.LogHelper                    : HHH000204: Processing PersistenceUnitInfo [name: default]
2022-04-27 16:42:00 [restartedMain] [INFO ] org.hibernate.Version                                        : HHH000412: Hibernate ORM core version 5.6.8.Final
2022-04-27 16:42:00 [restartedMain] [INFO ] org.hibernate.annotations.common.Version                     : HCANN000001: Hibernate Commons Annotations {5.1.2.Final}
2022-04-27 16:42:00 [restartedMain] [INFO ] com.zaxxer.hikari.HikariDataSource                           : SpringBootJPAHikariCP - Starting...
2022-04-27 16:42:00 [restartedMain] [WARN ] com.zaxxer.hikari.util.DriverDataSource                      : Registered driver with driverClassName=com.mysql.jdbc.Driver was not found, trying direct instantiation.
2022-04-27 16:42:01 [restartedMain] [INFO ] com.zaxxer.hikari.HikariDataSource                           : SpringBootJPAHikariCP - Start completed.
2022-04-27 16:42:01 [restartedMain] [INFO ] org.hibernate.dialect.Dialect                                : HHH000400: Using dialect: org.hibernate.dialect.MySQL8Dialect
2022-04-27 16:42:05 [restartedMain] [INFO ] o.h.e.t.jta.platform.internal.JtaPlatformInitiator           : HHH000490: Using JtaPlatform implementation: [org.hibernate.engine.transaction.jta.platform.internal.NoJtaPlatform]
2022-04-27 16:42:05 [restartedMain] [INFO ] o.s.orm.jpa.LocalContainerEntityManagerFactoryBean           : Initialized JPA EntityManagerFactory for persistence unit 'default'
2022-04-27 16:42:06 [restartedMain] [WARN ] o.s.b.a.o.j.JpaBaseConfiguration$JpaWebConfiguration         : spring.jpa.open-in-view is enabled by default. Therefore, database queries may be performed during view rendering. Explicitly configure spring.jpa.open-in-view to disable this warning
2022-04-27 16:42:06 [restartedMain] [WARN ] o.s.b.a.t.ThymeleafAutoConfiguration$DefaultTemplateResolverConfiguration : Cannot find template location: classpath:/templates/ (please add some templates or check your Thymeleaf configuration)
2022-04-27 16:42:06 [restartedMain] [WARN ] o.s.b.a.s.s.UserDetailsServiceAutoConfiguration              : 

Using generated security password: 7778b9e2-ac1d-4f02-a3c9-c9f12a5df49b

This generated password is for development use only. Your security configuration must be updated before running your application in production.

2022-04-27 16:42:06 [restartedMain] [INFO ] o.s.security.web.DefaultSecurityFilterChain                  : Will secure any request with [org.springframework.security.web.context.request.async.WebAsyncManagerIntegrationFilter@2e24caec, org.springframework.security.web.context.SecurityContextPersistenceFilter@23c6098d, org.springframework.security.web.header.HeaderWriterFilter@61a125bf, org.springframework.security.web.csrf.CsrfFilter@67706558, org.springframework.security.web.authentication.logout.LogoutFilter@296acf41, org.springframework.security.web.authentication.UsernamePasswordAuthenticationFilter@3cf4a09, org.springframework.security.web.authentication.ui.DefaultLoginPageGeneratingFilter@3b37d0d0, org.springframework.security.web.authentication.ui.DefaultLogoutPageGeneratingFilter@37fbaf84, org.springframework.security.web.authentication.www.BasicAuthenticationFilter@7d6398b1, org.springframework.security.web.savedrequest.RequestCacheAwareFilter@313ddb0e, org.springframework.security.web.servletapi.SecurityContextHolderAwareRequestFilter@68caeabb, org.springframework.security.web.authentication.AnonymousAuthenticationFilter@563c0fda, org.springframework.security.web.session.SessionManagementFilter@40d9dab0, org.springframework.security.web.access.ExceptionTranslationFilter@2a5b00aa, org.springframework.security.web.access.intercept.FilterSecurityInterceptor@41e2fb17]
2022-04-27 16:42:06 [restartedMain] [INFO ] o.s.b.d.autoconfigure.OptionalLiveReloadServer               : LiveReload server is running on port 35729
2022-04-27 16:42:06 [restartedMain] [INFO ] o.s.boot.web.embedded.tomcat.TomcatWebServer                 : Tomcat started on port(s): 3006 (http) with context path ''
2022-04-27 16:42:06 [restartedMain] [INFO ] com.plg.apistudent.ApiStudentApplication                     : Started ApiStudentApplication in 8.515 seconds (JVM running for 8.913)
2022-04-27 16:42:06 [restartedMain] [INFO ] o.s.b.a.l.ConditionEvaluationReportLoggingListener           : 

Error starting ApplicationContext. To display the conditions report re-run your application with 'debug' enabled.
2022-04-27 16:42:06 [restartedMain] [ERROR] org.springframework.boot.SpringApplication                   : Application run failed
java.lang.IllegalStateException: Failed to execute CommandLineRunner
	at org.springframework.boot.SpringApplication.callRunner(SpringApplication.java:780)
	at org.springframework.boot.SpringApplication.callRunners(SpringApplication.java:761)
	at org.springframework.boot.SpringApplication.run(SpringApplication.java:310)
	at org.springframework.boot.SpringApplication.run(SpringApplication.java:1312)
	at org.springframework.boot.SpringApplication.run(SpringApplication.java:1301)
	at com.plg.apistudent.ApiStudentApplication.main(ApiStudentApplication.java:17)
	at java.base/jdk.internal.reflect.NativeMethodAccessorImpl.invoke0(Native Method)
	at java.base/jdk.internal.reflect.NativeMethodAccessorImpl.invoke(NativeMethodAccessorImpl.java:78)
	at java.base/jdk.internal.reflect.DelegatingMethodAccessorImpl.invoke(DelegatingMethodAccessorImpl.java:43)
	at java.base/java.lang.reflect.Method.invoke(Method.java:567)
	at org.springframework.boot.devtools.restart.RestartLauncher.run(RestartLauncher.java:49)
Caused by: java.lang.IllegalStateException: No current ServletRequestAttributes
	at org.springframework.util.Assert.state(Assert.java:76)
	at org.springframework.web.servlet.support.ServletUriComponentsBuilder.getCurrentRequest(ServletUriComponentsBuilder.java:179)
	at org.springframework.web.servlet.support.ServletUriComponentsBuilder.fromCurrentContextPath(ServletUriComponentsBuilder.java:147)
	at com.plg.apistudent.controller.StdentController.saveStudent(StdentController.java:26)
	at com.plg.apistudent.ApiStudentApplication.lambda$run$0(ApiStudentApplication.java:24)
	at org.springframework.boot.SpringApplication.callRunner(SpringApplication.java:777)
	... 10 common frames omitted
2022-04-27 16:42:06 [restartedMain] [INFO ] o.s.orm.jpa.LocalContainerEntityManagerFactoryBean           : Closing JPA EntityManagerFactory for persistence unit 'default'
2022-04-27 16:42:06 [restartedMain] [INFO ] com.zaxxer.hikari.HikariDataSource                           : SpringBootJPAHikariCP - Shutdown initiated...
2022-04-27 16:42:06 [restartedMain] [INFO ] com.zaxxer.hikari.HikariDataSource                           : SpringBootJPAHikariCP - Shutdown completed.
2022-04-27 16:42:54 [restartedMain] [INFO ] com.plg.apistudent.ApiStudentApplication                     : Starting ApiStudentApplication using Java 16.0.2 on C0007 with PID 2884 (C:\Users\stagiaire-it\Documents\projet-test\backend\spring\api-student\target\classes started by stagiaire-it in C:\Users\stagiaire-it\Documents\projet-test\backend\spring\api-student)
2022-04-27 16:42:54 [restartedMain] [INFO ] com.plg.apistudent.ApiStudentApplication                     : No active profile set, falling back to 1 default profile: "default"
2022-04-27 16:42:54 [restartedMain] [INFO ] o.s.b.d.env.DevToolsPropertyDefaultsPostProcessor            : Devtools property defaults active! Set 'spring.devtools.add-properties' to 'false' to disable
2022-04-27 16:42:54 [restartedMain] [INFO ] o.s.b.d.env.DevToolsPropertyDefaultsPostProcessor            : For additional web related logging consider setting the 'logging.level.web' property to 'DEBUG'
2022-04-27 16:42:55 [restartedMain] [INFO ] o.s.d.r.config.RepositoryConfigurationDelegate               : Bootstrapping Spring Data JPA repositories in DEFAULT mode.
2022-04-27 16:42:55 [restartedMain] [INFO ] o.s.d.r.config.RepositoryConfigurationDelegate               : Finished Spring Data repository scanning in 36 ms. Found 1 JPA repository interfaces.
2022-04-27 16:42:55 [restartedMain] [INFO ] o.s.boot.web.embedded.tomcat.TomcatWebServer                 : Tomcat initialized with port(s): 3006 (http)
2022-04-27 16:42:55 [restartedMain] [INFO ] org.apache.catalina.core.StandardService                     : Starting service [Tomcat]
2022-04-27 16:42:55 [restartedMain] [INFO ] org.apache.catalina.core.StandardEngine                      : Starting Servlet engine: [Apache Tomcat/9.0.62]
2022-04-27 16:42:55 [restartedMain] [INFO ] o.a.c.core.ContainerBase.[Tomcat].[localhost].[/]            : Initializing Spring embedded WebApplicationContext
2022-04-27 16:42:55 [restartedMain] [INFO ] o.s.b.w.s.c.ServletWebServerApplicationContext               : Root WebApplicationContext: initialization completed in 1215 ms
2022-04-27 16:42:55 [restartedMain] [INFO ] org.hibernate.jpa.internal.util.LogHelper                    : HHH000204: Processing PersistenceUnitInfo [name: default]
2022-04-27 16:42:56 [restartedMain] [INFO ] org.hibernate.Version                                        : HHH000412: Hibernate ORM core version 5.6.8.Final
2022-04-27 16:42:56 [restartedMain] [INFO ] org.hibernate.annotations.common.Version                     : HCANN000001: Hibernate Commons Annotations {5.1.2.Final}
2022-04-27 16:42:56 [restartedMain] [INFO ] com.zaxxer.hikari.HikariDataSource                           : SpringBootJPAHikariCP - Starting...
2022-04-27 16:42:56 [restartedMain] [INFO ] com.zaxxer.hikari.HikariDataSource                           : SpringBootJPAHikariCP - Start completed.
2022-04-27 16:42:56 [restartedMain] [INFO ] org.hibernate.dialect.Dialect                                : HHH000400: Using dialect: org.hibernate.dialect.MySQL8Dialect
2022-04-27 16:43:00 [restartedMain] [INFO ] o.h.e.t.jta.platform.internal.JtaPlatformInitiator           : HHH000490: Using JtaPlatform implementation: [org.hibernate.engine.transaction.jta.platform.internal.NoJtaPlatform]
2022-04-27 16:43:00 [restartedMain] [INFO ] o.s.orm.jpa.LocalContainerEntityManagerFactoryBean           : Initialized JPA EntityManagerFactory for persistence unit 'default'
2022-04-27 16:43:00 [restartedMain] [WARN ] o.s.b.a.o.j.JpaBaseConfiguration$JpaWebConfiguration         : spring.jpa.open-in-view is enabled by default. Therefore, database queries may be performed during view rendering. Explicitly configure spring.jpa.open-in-view to disable this warning
2022-04-27 16:43:00 [restartedMain] [WARN ] o.s.b.a.t.ThymeleafAutoConfiguration$DefaultTemplateResolverConfiguration : Cannot find template location: classpath:/templates/ (please add some templates or check your Thymeleaf configuration)
2022-04-27 16:43:00 [restartedMain] [WARN ] o.s.b.a.s.s.UserDetailsServiceAutoConfiguration              : 

Using generated security password: c59dba26-ac8e-4a6e-86f0-aa4f827ffe76

This generated password is for development use only. Your security configuration must be updated before running your application in production.

2022-04-27 16:43:00 [restartedMain] [INFO ] o.s.security.web.DefaultSecurityFilterChain                  : Will secure any request with [org.springframework.security.web.context.request.async.WebAsyncManagerIntegrationFilter@3a5a3c74, org.springframework.security.web.context.SecurityContextPersistenceFilter@38e45b5f, org.springframework.security.web.header.HeaderWriterFilter@2b7d55b9, org.springframework.security.web.csrf.CsrfFilter@6cdc69ab, org.springframework.security.web.authentication.logout.LogoutFilter@74a4f463, org.springframework.security.web.authentication.UsernamePasswordAuthenticationFilter@1ac93c1a, org.springframework.security.web.authentication.ui.DefaultLoginPageGeneratingFilter@23e1bd78, org.springframework.security.web.authentication.ui.DefaultLogoutPageGeneratingFilter@6030bc83, org.springframework.security.web.authentication.www.BasicAuthenticationFilter@141630e5, org.springframework.security.web.savedrequest.RequestCacheAwareFilter@5abc735d, org.springframework.security.web.servletapi.SecurityContextHolderAwareRequestFilter@b52e66e, org.springframework.security.web.authentication.AnonymousAuthenticationFilter@45043978, org.springframework.security.web.session.SessionManagementFilter@4e978b53, org.springframework.security.web.access.ExceptionTranslationFilter@49ef1c8f, org.springframework.security.web.access.intercept.FilterSecurityInterceptor@5e941051]
2022-04-27 16:43:01 [restartedMain] [INFO ] o.s.b.d.autoconfigure.OptionalLiveReloadServer               : LiveReload server is running on port 35729
2022-04-27 16:43:01 [restartedMain] [INFO ] o.s.boot.web.embedded.tomcat.TomcatWebServer                 : Tomcat started on port(s): 3006 (http) with context path ''
2022-04-27 16:43:01 [restartedMain] [INFO ] com.plg.apistudent.ApiStudentApplication                     : Started ApiStudentApplication in 6.879 seconds (JVM running for 7.327)
2022-04-27 16:43:01 [restartedMain] [INFO ] o.s.b.a.l.ConditionEvaluationReportLoggingListener           : 

Error starting ApplicationContext. To display the conditions report re-run your application with 'debug' enabled.
2022-04-27 16:43:01 [restartedMain] [ERROR] org.springframework.boot.SpringApplication                   : Application run failed
java.lang.IllegalStateException: Failed to execute CommandLineRunner
	at org.springframework.boot.SpringApplication.callRunner(SpringApplication.java:780)
	at org.springframework.boot.SpringApplication.callRunners(SpringApplication.java:761)
	at org.springframework.boot.SpringApplication.run(SpringApplication.java:310)
	at org.springframework.boot.SpringApplication.run(SpringApplication.java:1312)
	at org.springframework.boot.SpringApplication.run(SpringApplication.java:1301)
	at com.plg.apistudent.ApiStudentApplication.main(ApiStudentApplication.java:17)
	at java.base/jdk.internal.reflect.NativeMethodAccessorImpl.invoke0(Native Method)
	at java.base/jdk.internal.reflect.NativeMethodAccessorImpl.invoke(NativeMethodAccessorImpl.java:78)
	at java.base/jdk.internal.reflect.DelegatingMethodAccessorImpl.invoke(DelegatingMethodAccessorImpl.java:43)
	at java.base/java.lang.reflect.Method.invoke(Method.java:567)
	at org.springframework.boot.devtools.restart.RestartLauncher.run(RestartLauncher.java:49)
Caused by: java.lang.IllegalStateException: No current ServletRequestAttributes
	at org.springframework.util.Assert.state(Assert.java:76)
	at org.springframework.web.servlet.support.ServletUriComponentsBuilder.getCurrentRequest(ServletUriComponentsBuilder.java:179)
	at org.springframework.web.servlet.support.ServletUriComponentsBuilder.fromCurrentContextPath(ServletUriComponentsBuilder.java:147)
	at com.plg.apistudent.controller.StdentController.saveStudent(StdentController.java:26)
	at com.plg.apistudent.ApiStudentApplication.lambda$run$0(ApiStudentApplication.java:24)
	at org.springframework.boot.SpringApplication.callRunner(SpringApplication.java:777)
	... 10 common frames omitted
2022-04-27 16:43:01 [restartedMain] [INFO ] o.s.orm.jpa.LocalContainerEntityManagerFactoryBean           : Closing JPA EntityManagerFactory for persistence unit 'default'
2022-04-27 16:43:01 [restartedMain] [INFO ] com.zaxxer.hikari.HikariDataSource                           : SpringBootJPAHikariCP - Shutdown initiated...
2022-04-27 16:43:01 [restartedMain] [INFO ] com.zaxxer.hikari.HikariDataSource                           : SpringBootJPAHikariCP - Shutdown completed.
2022-04-27 16:46:45 [restartedMain] [INFO ] com.plg.apistudent.ApiStudentApplication                     : Starting ApiStudentApplication using Java 16.0.2 on C0007 with PID 17284 (C:\Users\stagiaire-it\Documents\projet-test\backend\spring\api-student\target\classes started by stagiaire-it in C:\Users\stagiaire-it\Documents\projet-test\backend\spring\api-student)
2022-04-27 16:46:45 [restartedMain] [INFO ] com.plg.apistudent.ApiStudentApplication                     : No active profile set, falling back to 1 default profile: "default"
2022-04-27 16:46:45 [restartedMain] [INFO ] o.s.b.d.env.DevToolsPropertyDefaultsPostProcessor            : Devtools property defaults active! Set 'spring.devtools.add-properties' to 'false' to disable
2022-04-27 16:46:45 [restartedMain] [INFO ] o.s.b.d.env.DevToolsPropertyDefaultsPostProcessor            : For additional web related logging consider setting the 'logging.level.web' property to 'DEBUG'
2022-04-27 16:46:46 [restartedMain] [INFO ] o.s.d.r.config.RepositoryConfigurationDelegate               : Bootstrapping Spring Data JPA repositories in DEFAULT mode.
2022-04-27 16:46:46 [restartedMain] [INFO ] o.s.d.r.config.RepositoryConfigurationDelegate               : Finished Spring Data repository scanning in 30 ms. Found 1 JPA repository interfaces.
2022-04-27 16:46:46 [restartedMain] [INFO ] o.s.boot.web.embedded.tomcat.TomcatWebServer                 : Tomcat initialized with port(s): 3006 (http)
2022-04-27 16:46:46 [restartedMain] [INFO ] org.apache.catalina.core.StandardService                     : Starting service [Tomcat]
2022-04-27 16:46:46 [restartedMain] [INFO ] org.apache.catalina.core.StandardEngine                      : Starting Servlet engine: [Apache Tomcat/9.0.62]
2022-04-27 16:46:47 [restartedMain] [INFO ] o.a.c.core.ContainerBase.[Tomcat].[localhost].[/]            : Initializing Spring embedded WebApplicationContext
2022-04-27 16:46:47 [restartedMain] [INFO ] o.s.b.w.s.c.ServletWebServerApplicationContext               : Root WebApplicationContext: initialization completed in 1203 ms
2022-04-27 16:46:47 [restartedMain] [INFO ] org.hibernate.jpa.internal.util.LogHelper                    : HHH000204: Processing PersistenceUnitInfo [name: default]
2022-04-27 16:46:47 [restartedMain] [INFO ] org.hibernate.Version                                        : HHH000412: Hibernate ORM core version 5.6.8.Final
2022-04-27 16:46:47 [restartedMain] [INFO ] org.hibernate.annotations.common.Version                     : HCANN000001: Hibernate Commons Annotations {5.1.2.Final}
2022-04-27 16:46:47 [restartedMain] [INFO ] com.zaxxer.hikari.HikariDataSource                           : SpringBootJPAHikariCP - Starting...
2022-04-27 16:46:47 [restartedMain] [INFO ] com.zaxxer.hikari.HikariDataSource                           : SpringBootJPAHikariCP - Start completed.
2022-04-27 16:46:47 [restartedMain] [INFO ] org.hibernate.dialect.Dialect                                : HHH000400: Using dialect: org.hibernate.dialect.MySQL8Dialect
2022-04-27 16:46:50 [restartedMain] [INFO ] o.h.e.t.jta.platform.internal.JtaPlatformInitiator           : HHH000490: Using JtaPlatform implementation: [org.hibernate.engine.transaction.jta.platform.internal.NoJtaPlatform]
2022-04-27 16:46:50 [restartedMain] [INFO ] o.s.orm.jpa.LocalContainerEntityManagerFactoryBean           : Initialized JPA EntityManagerFactory for persistence unit 'default'
2022-04-27 16:46:50 [restartedMain] [INFO ] o.s.b.f.a.AutowiredAnnotationBeanPostProcessor               : Autowired annotation is not supported on static fields: public static com.plg.apistudent.controller.StudentController com.plg.apistudent.ApiStudentApplication.studentRepository
2022-04-27 16:46:51 [restartedMain] [WARN ] o.s.b.a.o.j.JpaBaseConfiguration$JpaWebConfiguration         : spring.jpa.open-in-view is enabled by default. Therefore, database queries may be performed during view rendering. Explicitly configure spring.jpa.open-in-view to disable this warning
2022-04-27 16:46:51 [restartedMain] [WARN ] o.s.b.a.t.ThymeleafAutoConfiguration$DefaultTemplateResolverConfiguration : Cannot find template location: classpath:/templates/ (please add some templates or check your Thymeleaf configuration)
2022-04-27 16:46:51 [restartedMain] [WARN ] o.s.b.a.s.s.UserDetailsServiceAutoConfiguration              : 

Using generated security password: 6a12fb0d-f509-4ea4-8b22-c2aace9f9b7d

This generated password is for development use only. Your security configuration must be updated before running your application in production.

2022-04-27 16:46:51 [restartedMain] [INFO ] o.s.security.web.DefaultSecurityFilterChain                  : Will secure any request with [org.springframework.security.web.context.request.async.WebAsyncManagerIntegrationFilter@18ca43c0, org.springframework.security.web.context.SecurityContextPersistenceFilter@3737b7d, org.springframework.security.web.header.HeaderWriterFilter@e710712, org.springframework.security.web.csrf.CsrfFilter@2b84adcb, org.springframework.security.web.authentication.logout.LogoutFilter@7408212f, org.springframework.security.web.authentication.UsernamePasswordAuthenticationFilter@8f7dd7d, org.springframework.security.web.authentication.ui.DefaultLoginPageGeneratingFilter@34b20b4f, org.springframework.security.web.authentication.ui.DefaultLogoutPageGeneratingFilter@6a4a6ff2, org.springframework.security.web.authentication.www.BasicAuthenticationFilter@225017c, org.springframework.security.web.savedrequest.RequestCacheAwareFilter@4a3de64f, org.springframework.security.web.servletapi.SecurityContextHolderAwareRequestFilter@2acba40a, org.springframework.security.web.authentication.AnonymousAuthenticationFilter@404ebd26, org.springframework.security.web.session.SessionManagementFilter@79df3b9a, org.springframework.security.web.access.ExceptionTranslationFilter@55184292, org.springframework.security.web.access.intercept.FilterSecurityInterceptor@219ffe5]
2022-04-27 16:46:51 [restartedMain] [INFO ] o.s.b.d.autoconfigure.OptionalLiveReloadServer               : LiveReload server is running on port 35729
2022-04-27 16:46:51 [restartedMain] [INFO ] o.s.boot.web.embedded.tomcat.TomcatWebServer                 : Tomcat started on port(s): 3006 (http) with context path ''
2022-04-27 16:46:51 [restartedMain] [INFO ] com.plg.apistudent.ApiStudentApplication                     : Started ApiStudentApplication in 6.066 seconds (JVM running for 6.443)
2022-04-27 16:48:53 [Thread-5] [INFO ] o.s.orm.jpa.LocalContainerEntityManagerFactoryBean           : Closing JPA EntityManagerFactory for persistence unit 'default'
2022-04-27 16:48:53 [Thread-5] [INFO ] com.zaxxer.hikari.HikariDataSource                           : SpringBootJPAHikariCP - Shutdown initiated...
2022-04-27 16:48:53 [Thread-5] [INFO ] com.zaxxer.hikari.HikariDataSource                           : SpringBootJPAHikariCP - Shutdown completed.
2022-04-27 16:48:53 [restartedMain] [INFO ] com.plg.apistudent.ApiStudentApplication                     : Starting ApiStudentApplication using Java 16.0.2 on C0007 with PID 17284 (C:\Users\stagiaire-it\Documents\projet-test\backend\spring\api-student\target\classes started by stagiaire-it in C:\Users\stagiaire-it\Documents\projet-test\backend\spring\api-student)
2022-04-27 16:48:53 [restartedMain] [INFO ] com.plg.apistudent.ApiStudentApplication                     : No active profile set, falling back to 1 default profile: "default"
2022-04-27 16:48:54 [restartedMain] [INFO ] o.s.d.r.config.RepositoryConfigurationDelegate               : Bootstrapping Spring Data JPA repositories in DEFAULT mode.
2022-04-27 16:48:54 [restartedMain] [INFO ] o.s.d.r.config.RepositoryConfigurationDelegate               : Finished Spring Data repository scanning in 19 ms. Found 1 JPA repository interfaces.
2022-04-27 16:48:54 [restartedMain] [INFO ] o.s.boot.web.embedded.tomcat.TomcatWebServer                 : Tomcat initialized with port(s): 3006 (http)
2022-04-27 16:48:54 [restartedMain] [INFO ] org.apache.catalina.core.StandardService                     : Starting service [Tomcat]
2022-04-27 16:48:54 [restartedMain] [INFO ] org.apache.catalina.core.StandardEngine                      : Starting Servlet engine: [Apache Tomcat/9.0.62]
2022-04-27 16:48:54 [restartedMain] [INFO ] o.a.c.core.ContainerBase.[Tomcat].[localhost].[/]            : Initializing Spring embedded WebApplicationContext
2022-04-27 16:48:54 [restartedMain] [INFO ] o.s.b.w.s.c.ServletWebServerApplicationContext               : Root WebApplicationContext: initialization completed in 767 ms
2022-04-27 16:48:54 [restartedMain] [INFO ] org.hibernate.jpa.internal.util.LogHelper                    : HHH000204: Processing PersistenceUnitInfo [name: default]
2022-04-27 16:48:54 [restartedMain] [INFO ] com.zaxxer.hikari.HikariDataSource                           : SpringBootJPAHikariCP - Starting...
2022-04-27 16:48:54 [restartedMain] [INFO ] com.zaxxer.hikari.HikariDataSource                           : SpringBootJPAHikariCP - Start completed.
2022-04-27 16:48:54 [restartedMain] [INFO ] org.hibernate.dialect.Dialect                                : HHH000400: Using dialect: org.hibernate.dialect.MySQL8Dialect
2022-04-27 16:48:57 [restartedMain] [INFO ] o.h.e.t.jta.platform.internal.JtaPlatformInitiator           : HHH000490: Using JtaPlatform implementation: [org.hibernate.engine.transaction.jta.platform.internal.NoJtaPlatform]
2022-04-27 16:48:57 [restartedMain] [INFO ] o.s.orm.jpa.LocalContainerEntityManagerFactoryBean           : Initialized JPA EntityManagerFactory for persistence unit 'default'
2022-04-27 16:48:57 [restartedMain] [INFO ] o.s.b.f.a.AutowiredAnnotationBeanPostProcessor               : Autowired annotation is not supported on static fields: public static com.plg.apistudent.controller.StudentController com.plg.apistudent.ApiStudentApplication.studentRepository
2022-04-27 16:48:57 [restartedMain] [WARN ] o.s.b.a.o.j.JpaBaseConfiguration$JpaWebConfiguration         : spring.jpa.open-in-view is enabled by default. Therefore, database queries may be performed during view rendering. Explicitly configure spring.jpa.open-in-view to disable this warning
2022-04-27 16:48:57 [restartedMain] [WARN ] o.s.b.a.t.ThymeleafAutoConfiguration$DefaultTemplateResolverConfiguration : Cannot find template location: classpath:/templates/ (please add some templates or check your Thymeleaf configuration)
2022-04-27 16:48:57 [restartedMain] [WARN ] o.s.b.a.s.s.UserDetailsServiceAutoConfiguration              : 

Using generated security password: 0a68f69a-df09-4a60-9be3-c6db3cc6348e

This generated password is for development use only. Your security configuration must be updated before running your application in production.

2022-04-27 16:48:57 [restartedMain] [INFO ] o.s.security.web.DefaultSecurityFilterChain                  : Will secure any request with [org.springframework.security.web.context.request.async.WebAsyncManagerIntegrationFilter@4735c132, org.springframework.security.web.context.SecurityContextPersistenceFilter@afc511e, org.springframework.security.web.header.HeaderWriterFilter@7efc7d3f, org.springframework.security.web.csrf.CsrfFilter@195eadd1, org.springframework.security.web.authentication.logout.LogoutFilter@1c3d3d99, org.springframework.security.web.authentication.UsernamePasswordAuthenticationFilter@604f8993, org.springframework.security.web.authentication.ui.DefaultLoginPageGeneratingFilter@5eac6a4c, org.springframework.security.web.authentication.ui.DefaultLogoutPageGeneratingFilter@6298b8f4, org.springframework.security.web.authentication.www.BasicAuthenticationFilter@36aa38f7, org.springframework.security.web.savedrequest.RequestCacheAwareFilter@27a1b0c1, org.springframework.security.web.servletapi.SecurityContextHolderAwareRequestFilter@3a29248f, org.springframework.security.web.authentication.AnonymousAuthenticationFilter@7e07a625, org.springframework.security.web.session.SessionManagementFilter@66a0483e, org.springframework.security.web.access.ExceptionTranslationFilter@2df01010, org.springframework.security.web.access.intercept.FilterSecurityInterceptor@140631d9]
2022-04-27 16:48:57 [restartedMain] [INFO ] o.s.b.d.autoconfigure.OptionalLiveReloadServer               : LiveReload server is running on port 35729
2022-04-27 16:48:57 [restartedMain] [INFO ] o.s.boot.web.embedded.tomcat.TomcatWebServer                 : Tomcat started on port(s): 3006 (http) with context path ''
2022-04-27 16:48:57 [restartedMain] [INFO ] com.plg.apistudent.ApiStudentApplication                     : Started ApiStudentApplication in 3.824 seconds (JVM running for 132.506)
2022-04-27 16:48:57 [restartedMain] [INFO ] o.s.b.d.a.ConditionEvaluationDeltaLoggingListener            : Condition evaluation unchanged
2022-04-27 17:12:33 [SpringApplicationShutdownHook] [INFO ] o.s.orm.jpa.LocalContainerEntityManagerFactoryBean           : Closing JPA EntityManagerFactory for persistence unit 'default'
2022-04-27 17:12:33 [SpringApplicationShutdownHook] [INFO ] com.zaxxer.hikari.HikariDataSource                           : SpringBootJPAHikariCP - Shutdown initiated...
2022-04-27 17:12:34 [SpringApplicationShutdownHook] [INFO ] com.zaxxer.hikari.HikariDataSource                           : SpringBootJPAHikariCP - Shutdown completed.
